<?xml version="1.0" encoding="UTF-8"?>
<!-- Generated by org.testng.reporters.JUnitReportReporter -->
<testsuite hostname="Rv" failures="0" tests="1" name="OpenCart.main.loginFlow" time="5.902" errors="0" timestamp="2024-04-19T20:04:56 IST" skipped="0">
  <testcase classname="OpenCart.main.loginFlow" name="loginTest" time="5.902"/>
  <system-out/>
</testsuite> <!-- OpenCart.main.loginFlow -->
