<?xml version="1.0" encoding="UTF-8"?>
<!-- Generated by org.testng.reporters.JUnitReportReporter -->
<testsuite hostname="Rv" failures="0" tests="1" name="OpenCart.main.loginFlow" time="3.326" errors="0" timestamp="2024-04-16T21:51:23 IST" skipped="0">
  <testcase classname="OpenCart.main.loginFlow" name="loginTest" time="3.326"/>
  <system-out/>
</testsuite> <!-- OpenCart.main.loginFlow -->
