<?xml version="1.0" encoding="UTF-8"?>
<!-- Generated by org.testng.reporters.JUnitReportReporter -->
<testsuite hostname="VICKY" failures="0" tests="3" name="OpenCart.main.loginFlow" time="25.169" errors="0" timestamp="2024-06-26T12:35:44 IST" skipped="0">
  <testcase classname="OpenCart.main.loginFlow" name="loginTest" time="4.744"/>
  <system-out/>
  <testcase classname="OpenCart.main.loginFlow" name="loginTest" time="15.344"/>
  <system-out/>
  <testcase classname="OpenCart.main.loginFlow" name="loginTest" time="5.081"/>
  <system-out/>
</testsuite> <!-- OpenCart.main.loginFlow -->
