<?xml version="1.0" encoding="UTF-8"?>
<!-- Generated by org.testng.reporters.JUnitReportReporter -->
<testsuite hostname="VICKY" failures="0" tests="3" name="OpenCart.main.sample" time="0.011" errors="0" timestamp="2024-06-28T11:03:07 IST" skipped="0">
  <testcase classname="OpenCart.main.sample" name="dataAssemble" time="0.001"/>
  <system-out/>
  <testcase classname="OpenCart.main.sample" name="dataAssemble" time="0.002"/>
  <system-out/>
  <testcase classname="OpenCart.main.sample" name="dataAssemble" time="0.008"/>
  <system-out/>
</testsuite> <!-- OpenCart.main.sample -->
