<?xml version="1.0" encoding="UTF-8"?>
<!-- Generated by org.testng.reporters.JUnitReportReporter -->
<testsuite hostname="Rv" failures="0" tests="1" name="OpenCart.main.endToEndFlow" time="26.706" errors="0" timestamp="2024-04-17T12:38:44 IST" skipped="0">
  <testcase classname="OpenCart.main.endToEndFlow" name="fullTest" time="26.706"/>
  <system-out/>
</testsuite> <!-- OpenCart.main.endToEndFlow -->
