<?xml version="1.0" encoding="UTF-8"?>
<!-- Generated by org.testng.reporters.JUnitReportReporter -->
<testsuite hostname="Rv" failures="0" tests="1" name="OpenCart.main.registerationFlow" time="7.096" errors="0" timestamp="2024-04-14T18:52:20 IST" skipped="0">
  <testcase classname="OpenCart.main.registerationFlow" name="registerAnAcccount" time="7.096"/>
  <system-out/>
</testsuite> <!-- OpenCart.main.registerationFlow -->
