<?xml version="1.0" encoding="UTF-8"?>
<!-- Generated by org.testng.reporters.JUnitReportReporter -->
<testsuite hostname="VICKY" failures="0" tests="2" name="OpenCart.main.loginFlow2_DataDriver_Excel" time="9.493" errors="0" timestamp="2024-06-28T12:04:47 IST" skipped="0">
  <testcase classname="OpenCart.main.loginFlow2_DataDriver_Excel" name="loginTest" time="5.063"/>
  <system-out/>
  <testcase classname="OpenCart.main.loginFlow2_DataDriver_Excel" name="loginTest" time="4.430"/>
  <system-out/>
</testsuite> <!-- OpenCart.main.loginFlow2_DataDriver_Excel -->
